<?xml version="1.0" encoding="UTF-8"?>
<!-- Generated by org.testng.reporters.JUnitReportReporter -->
<testsuite skipped="0" hostname="WIN-BTTDSHHJH2I" name="com.yungui.kdybg.apis.JudgePostmanPackTest" tests="8" failures="0" timestamp="29 十一月 2018 07:20:31 GMT" time="0.531" errors="1">
  <testcase name="testJudgePostmanPack" time="0.098" classname="com.yungui.kdybg.apis.JudgePostmanPackTest"/>
  <testcase name="testJudgePostmanPack" time="0.359" classname="com.yungui.kdybg.apis.JudgePostmanPackTest"/>
  <testcase name="testJudgePostmanPack" time="0.013" classname="com.yungui.kdybg.apis.JudgePostmanPackTest"/>
  <testcase name="testJudgePostmanPack" time="0.021" classname="com.yungui.kdybg.apis.JudgePostmanPackTest"/>
  <testcase name="testJudgePostmanPack" time="0.010" classname="com.yungui.kdybg.apis.JudgePostmanPackTest"/>
  <testcase name="testJudgePostmanPack" time="0.002" classname="com.yungui.kdybg.apis.JudgePostmanPackTest">
    <error type="java.lang.NumberFormatException" message="For input string: &quot;@@@@@&quot;">
      <![CDATA[java.lang.NumberFormatException: For input string: "@@@@@"at java.lang.NumberFormatException.forInputString(NumberFormatException.java:65)at java.lang.Long.parseLong(Long.java:589)at java.lang.Long.parseLong(Long.java:631)at com.yungui.kdybg.apis.JudgePostmanPackTest.testJudgePostmanPack(JudgePostmanPackTest.java:36)at sun.reflect.NativeMethodAccessorImpl.invoke0(Native Method)at sun.reflect.NativeMethodAccessorImpl.invoke(NativeMethodAccessorImpl.java:62)at sun.reflect.DelegatingMethodAccessorImpl.invoke(DelegatingMethodAccessorImpl.java:43)at java.lang.reflect.Method.invoke(Method.java:498)at org.testng.internal.MethodInvocationHelper.invokeMethod(MethodInvocationHelper.java:124)at org.testng.internal.Invoker.invokeMethod(Invoker.java:571)at org.testng.internal.Invoker.invokeTestMethod(Invoker.java:707)at org.testng.internal.Invoker.invokeTestMethods(Invoker.java:979)at org.testng.internal.TestMethodWorker.invokeTestMethods(TestMethodWorker.java:125)at org.testng.internal.TestMethodWorker.run(TestMethodWorker.java:109)at org.testng.TestRunner.privateRun(TestRunner.java:648)at org.testng.TestRunner.run(TestRunner.java:505)at org.testng.SuiteRunner.runTest(SuiteRunner.java:455)at org.testng.SuiteRunner.runSequentially(SuiteRunner.java:450)at org.testng.SuiteRunner.privateRun(SuiteRunner.java:415)at org.testng.SuiteRunner.run(SuiteRunner.java:364)at org.testng.SuiteRunnerWorker.runSuite(SuiteRunnerWorker.java:52)at org.testng.SuiteRunnerWorker.run(SuiteRunnerWorker.java:84)at org.testng.TestNG.runSuitesSequentially(TestNG.java:1187)at org.testng.TestNG.runSuitesLocally(TestNG.java:1116)at org.testng.TestNG.runSuites(TestNG.java:1028)at org.testng.TestNG.run(TestNG.java:996)at org.testng.remote.AbstractRemoteTestNG.run(AbstractRemoteTestNG.java:114)at org.testng.remote.RemoteTestNG.initAndRun(RemoteTestNG.java:251)at org.testng.remote.RemoteTestNG.main(RemoteTestNG.java:77)]]>
    </error>
  </testcase> <!-- testJudgePostmanPack -->
  <testcase name="testJudgePostmanPack" time="0.019" classname="com.yungui.kdybg.apis.JudgePostmanPackTest"/>
  <testcase name="testJudgePostmanPack" time="0.009" classname="com.yungui.kdybg.apis.JudgePostmanPackTest"/>
</testsuite> <!-- com.yungui.kdybg.apis.JudgePostmanPackTest -->
